c:\users\mauri\documents\eclipse\pg\sabertooth-master\sabertooth-master\sabertooth\x64\debug\vc141.pdb
c:\users\mauri\documents\eclipse\pg\sabertooth-master\sabertooth-master\sabertooth\x64\debug\vc141.idb
c:\users\mauri\documents\eclipse\pg\sabertooth-master\sabertooth-master\sabertooth\x64\debug\texture.obj
c:\users\mauri\documents\eclipse\pg\sabertooth-master\sabertooth-master\sabertooth\x64\debug\system.obj
c:\users\mauri\documents\eclipse\pg\sabertooth-master\sabertooth-master\sabertooth\x64\debug\shader.obj
c:\users\mauri\documents\eclipse\pg\sabertooth-master\sabertooth-master\sabertooth\x64\debug\main.obj
c:\users\mauri\source\repos\pg-ga\sabertooth\x64\debug\vc141.pdb
c:\users\mauri\source\repos\pg-ga\sabertooth\x64\debug\vc141.idb
c:\users\mauri\source\repos\pg-ga\sabertooth\x64\debug\texture.obj
c:\users\mauri\source\repos\pg-ga\sabertooth\x64\debug\system.obj
c:\users\mauri\source\repos\pg-ga\sabertooth\x64\debug\shader.obj
c:\users\mauri\source\repos\pg-ga\sabertooth\x64\debug\main.obj
c:\users\mauri\documents\eclipse\pg\sabertooth-master\sabertooth-master\x64\debug\sabertooth.exe
c:\users\mauri\documents\eclipse\pg\sabertooth-master\sabertooth-master\x64\debug\sabertooth.pdb
c:\users\mauri\source\repos\pg-ga\x64\debug\sabertooth.pdb
c:\users\mauri\source\repos\pg-ga\sabertooth\x64\debug\sabertooth.tlog\cl.command.1.tlog
c:\users\mauri\source\repos\pg-ga\sabertooth\x64\debug\sabertooth.tlog\cl.read.1.tlog
c:\users\mauri\source\repos\pg-ga\sabertooth\x64\debug\sabertooth.tlog\cl.write.1.tlog
c:\users\mauri\source\repos\pg-ga\sabertooth\x64\debug\sabertooth.tlog\link.command.1.tlog
c:\users\mauri\source\repos\pg-ga\sabertooth\x64\debug\sabertooth.tlog\link.read.1.tlog
c:\users\mauri\source\repos\pg-ga\sabertooth\x64\debug\sabertooth.tlog\link.write.1.tlog
